
19. Executing CHECK pass (checking for obvious problems).
Checking module NN...
Warning: multiple conflicting drivers for NN.\exceptions_add1 [4]:
    port exceptions[4] of cell add_bias_3 (add_sub)
    port exceptions[4] of cell add_bias_1 (add_sub)
Warning: multiple conflicting drivers for NN.\exceptions_add1 [3]:
    port exceptions[3] of cell add_bias_3 (add_sub)
    port exceptions[3] of cell add_bias_1 (add_sub)
Warning: multiple conflicting drivers for NN.\exceptions_add1 [2]:
    port exceptions[2] of cell add_bias_3 (add_sub)
    port exceptions[2] of cell add_bias_1 (add_sub)
Warning: multiple conflicting drivers for NN.\exceptions_add1 [1]:
    port exceptions[1] of cell add_bias_3 (add_sub)
    port exceptions[1] of cell add_bias_1 (add_sub)
Warning: multiple conflicting drivers for NN.\exceptions_add1 [0]:
    port exceptions[0] of cell add_bias_3 (add_sub)
    port exceptions[0] of cell add_bias_1 (add_sub)
Checking module $paramod$da76b7f863ce0e268ea90375e64095684ffc4cf0\matrix_multiply_2x2_2x1...
Checking module $paramod$da76b7f863ce0e268ea90375e64095684ffc4cf0\matrix_multiply_1x2_2x1...
Checking module add_sub...
Checking module $paramod$da76b7f863ce0e268ea90375e64095684ffc4cf0\sigmoid_approx...
Warning: multiple conflicting drivers for $paramod$da76b7f863ce0e268ea90375e64095684ffc4cf0\sigmoid_approx.\sub_exceptions_2 [4]:
    port exceptions[4] of cell add_sub_inst4 (add_sub)
    port exceptions[4] of cell add_sub_inst3 (add_sub)
Warning: multiple conflicting drivers for $paramod$da76b7f863ce0e268ea90375e64095684ffc4cf0\sigmoid_approx.\sub_exceptions_2 [3]:
    port exceptions[3] of cell add_sub_inst4 (add_sub)
    port exceptions[3] of cell add_sub_inst3 (add_sub)
Warning: multiple conflicting drivers for $paramod$da76b7f863ce0e268ea90375e64095684ffc4cf0\sigmoid_approx.\sub_exceptions_2 [2]:
    port exceptions[2] of cell add_sub_inst4 (add_sub)
    port exceptions[2] of cell add_sub_inst3 (add_sub)
Warning: multiple conflicting drivers for $paramod$da76b7f863ce0e268ea90375e64095684ffc4cf0\sigmoid_approx.\sub_exceptions_2 [1]:
    port exceptions[1] of cell add_sub_inst4 (add_sub)
    port exceptions[1] of cell add_sub_inst3 (add_sub)
Warning: multiple conflicting drivers for $paramod$da76b7f863ce0e268ea90375e64095684ffc4cf0\sigmoid_approx.\sub_exceptions_2 [0]:
    port exceptions[0] of cell add_sub_inst4 (add_sub)
    port exceptions[0] of cell add_sub_inst3 (add_sub)
Warning: multiple conflicting drivers for $paramod$da76b7f863ce0e268ea90375e64095684ffc4cf0\sigmoid_approx.\div_inst1_in_valid:
    port Q[0] of cell $procdff$1087 ($adff)
    port Q[0] of cell $procdff$1057 ($adff)
Warning: multiple conflicting drivers for $paramod$da76b7f863ce0e268ea90375e64095684ffc4cf0\sigmoid_approx.\div_inst2_in_valid:
    port Q[0] of cell $procdff$1092 ($adff)
    port Q[0] of cell $procdff$1062 ($adff)
Checking module rounding...
Checking module $paramod\invert\width=s32'00000000000000000000000000011001...
Checking module $paramod\rvdff\WIDTH=s32'00000000000000000000000000001010...
Checking module $paramod\rvdff\WIDTH=s32'00000000000000000000000000000011...
Checking module $paramod\rvdff\WIDTH=s32'00000000000000000000000000010111...
Checking module $paramod\rvdff\WIDTH=s32'00000000000000000000000000000001...
Checking module $paramod\invert\width=s32'00000000000000000000000000010111...
Checking module $paramod\rvdff\WIDTH=s32'00000000000000000000000000011010...
Checking module $paramod$c6e9536b7e6263460d855051cd973b955ec52664\round_excep...
Checking module $paramod\rvdff\WIDTH=s32'00000000000000000000000000000101...
Checking module $paramod$da76b7f863ce0e268ea90375e64095684ffc4cf0\exponent...
Checking module $paramod$da76b7f863ce0e268ea90375e64095684ffc4cf0\mac_spec_check...
Checking module $paramod\rvdffe\WIDTH=s32'00000000000000000000000000000101...
Checking module $paramod\rvdffe\WIDTH=s32'00000000000000000000000000001010...
Checking module $paramod\rvdffe\WIDTH=s32'00000000000000000000000000000011...
Checking module $paramod\rvdffe\WIDTH=s32'00000000000000000000000000010111...
Checking module $paramod\rvdffe\WIDTH=s32'00000000000000000000000000000001...
Checking module $paramod\rvdffe\WIDTH=s32'00000000000000000000000000011010...
Checking module $paramod$5bf976f106c35ed8ba6b089b3795de02364d6ce6\lead_zero_param...
Checking module $paramod$11733d16b27ca02259298891e6aef19e53efe2d0\low_mask_lo_hi...
Checking module $paramod$da76b7f863ce0e268ea90375e64095684ffc4cf0\divider...
Checking module $paramod$da76b7f863ce0e268ea90375e64095684ffc4cf0\multiplier...
Checking module $paramod$da76b7f863ce0e268ea90375e64095684ffc4cf0\special_check...
Checking module right_shifter...
Checking module leading_zero...
Checking module $paramod\left_shifter\mant=s32'00000000000000000000000000011011...
Found and reported 12 problems.
